2026-06-03T17:20:25.155Z OK 5 Ideas for Toolbox Talk.json 13 chunks 4.6s
2026-06-03T17:20:52.709Z OK 7 Myths of Systemising your Business with James Brown.json 307 chunks 27.5s
2026-06-03T17:21:03.246Z OK Clea Jones on The 9 Mental Roadblocks Stopping You From Being a Content Marketing Rockstar.json 120 chunks 10.5s
2026-06-03T17:21:11.097Z OK Client Avatar.json 83 chunks 7.8s
2026-06-03T17:21:38.869Z OK Creating Wealth In Chaos The Secrets To Building Wealth In Uncertain Times.json 218 chunks 27.8s
2026-06-03T17:22:07.124Z OK Demo and Q&A Expert Session.json 260 chunks 28.3s
2026-06-03T17:22:25.890Z OK Done With You - Leads Tracking & Marketing Q&A(1).json 179 chunks 18.8s
2026-06-03T17:22:41.254Z OK Done With You - Marketing & AI(1).json 157 chunks 15.4s
2026-06-03T17:22:54.697Z OK Done With You - Tradie Systems Map(1).json 99 chunks 13.4s
2026-06-03T17:23:18.112Z OK Done With You Session Create your 'right now' marketing plan & leads budget.json 178 chunks 23.4s
2026-06-03T17:23:47.370Z OK Done With You Session HR System For Success.json 233 chunks 29.3s
2026-06-03T17:24:01.100Z OK Done With You Session on Backcosting.json 106 chunks 13.7s
2026-06-03T17:24:18.715Z OK Done With You Session on Identifying Your A,B, C and D Clients(1).json 155 chunks 17.6s
2026-06-03T17:24:39.316Z OK Done With You Session on Using AI in your Trade Business(1).json 199 chunks 20.6s
2026-06-03T17:26:22.167Z OK Done With You Session with Nic & Waz on Meeting Structure.json 250 chunks 102.8s
2026-06-03T17:26:25.765Z OK Done With You Session with Nic & Waz.json 30 chunks 3.6s
2026-06-03T17:26:46.140Z OK Done with You Session  Creating Company Values & Mission Vision Statement.json 147 chunks 20.4s
2026-06-03T17:27:01.662Z OK Done with You Session - Scripts for Sales & Enquiries.json 160 chunks 15.5s
2026-06-03T17:27:20.920Z OK Done with You Session Improve Conversion By Mapping Your Sales Process.json 195 chunks 19.3s
2026-06-03T17:27:44.190Z OK Expert Sessin with Mick.json 199 chunks 23.3s
2026-06-03T17:28:06.502Z OK Expert Session - Potential of AI in Your Business with Blake(1).json 220 chunks 22.3s
2026-06-03T17:28:23.957Z OK Expert Session on Google My Business Local Service Ads with Nicholas Dogulin.json 160 chunks 17.5s
2026-06-03T17:28:48.968Z OK Expert Session w. Dr Ash Moreland.json 222 chunks 25.0s
2026-06-03T17:29:18.119Z OK Expert Session w. Kristy Lee Billet.json 222 chunks 29.1s
2026-06-03T17:29:43.775Z OK Expert Session with Bold Wealth.json 219 chunks 25.7s
2026-06-03T17:30:02.984Z OK Expert Session with Dale Stephens from Sophiie AI(1).json 155 chunks 19.2s
2026-06-03T17:30:23.380Z OK Expert Session with Dani Ferrier.json 161 chunks 20.4s
2026-06-03T17:30:46.571Z OK Expert Session with John & Amanda - Retune.json 221 chunks 23.2s
2026-06-03T17:31:04.999Z OK Expert Session with Josie Askin.json 146 chunks 18.4s
2026-06-03T17:31:34.781Z OK Expert Session with Kristy Lee.json 250 chunks 29.8s
2026-06-03T17:32:03.092Z OK Expert Session with Matt Heighway.json 259 chunks 28.3s
2026-06-03T17:32:17.204Z OK Expert Session with Michael Griffiths(1).json 119 chunks 14.1s
2026-06-03T17:32:42.624Z OK Expert Session with Sarah Greener.json 216 chunks 25.4s
2026-06-03T17:33:02.696Z OK Expert Sessions Done with You Screening Questions.json 169 chunks 20.1s
2026-06-03T17:33:30.351Z OK Expert Webinar with Joe Pane.json 221 chunks 27.7s
2026-06-03T17:34:02.520Z OK Expert Webinar with Kristy-Lee from The Footprint Group.json 241 chunks 32.2s
2026-06-03T17:34:27.338Z OK Financial Jam with Jackson Millan.json 214 chunks 24.8s
2026-06-03T17:34:59.217Z OK Financial Jam with Two Drunk Accountants.json 226 chunks 31.9s
2026-06-03T17:35:29.249Z OK Financial Jam.json 170 chunks 30.0s
2026-06-03T17:35:32.851Z OK Finding Daily Focus(1).json 13 chunks 3.6s
2026-06-03T17:35:49.929Z OK Get Ready for EOFY Webinar.json 99 chunks 17.1s
2026-06-03T17:36:08.134Z OK Getting the Most Out of the Tradiepreneur Program.json 166 chunks 18.2s
2026-06-03T17:36:09.974Z OK Giving Feedback.json 11 chunks 1.8s
2026-06-03T17:36:27.351Z OK HR Compliance Essentials for Tradies in Business.json 174 chunks 17.4s
2026-06-03T17:36:52.169Z OK HR for Tradies in Business.json 248 chunks 24.8s
2026-06-03T17:36:54.877Z OK How To Cashflow Forecast.json 28 chunks 2.7s
2026-06-03T17:37:07.702Z OK How To Say No To Crappy Jobs.json 112 chunks 12.8s
2026-06-03T17:37:25.838Z OK How to Find and Keep Good Staff During a Recession.json 118 chunks 18.1s
2026-06-03T17:37:40.829Z OK How to Reduce Cash Flow Stress.json 133 chunks 15.0s
2026-06-03T17:37:43.242Z OK How to Use the Budget vs Actual Spreadsheet.json 13 chunks 2.4s
2026-06-03T17:38:12.447Z OK How to Work with the Younger Generation with Cal Robinson from Young Gunz.json 269 chunks 29.2s
2026-06-03T17:38:35.522Z OK Influence and Profit Accelerator with Joe Pane.json 212 chunks 23.1s
2026-06-03T17:39:41.163Z OK Life and Wealth Planning(1).json 644 chunks 65.6s
2026-06-03T17:39:43.235Z OK Managing Debtors.json 11 chunks 2.1s
2026-06-03T17:39:56.182Z OK Marketing to Survive Tough Times.json 127 chunks 12.9s
2026-06-03T17:40:38.053Z OK Mini Systems Sprint - Business Meeting Structure.json 328 chunks 41.9s
2026-06-03T17:41:01.808Z OK Momentum Meet April 29.json 201 chunks 23.8s
2026-06-03T17:41:22.025Z OK Momentum_Meet_04_June_2025.json 161 chunks 20.2s
2026-06-03T17:41:42.685Z OK Momentum_Meet_10_September_2025.json 171 chunks 20.7s
2026-06-03T17:42:01.094Z OK Momentum_Meet_11_June_2025.json 157 chunks 18.4s
2026-06-03T17:42:19.285Z OK Momentum_Meet_13_August_2025.json 131 chunks 18.2s
2026-06-03T17:42:46.903Z OK Momentum_Meet_14_May_2025.json 189 chunks 27.6s
2026-06-03T17:43:12.540Z OK Momentum_Meet_16_July_2025.json 175 chunks 25.6s
2026-06-03T17:43:47.113Z OK Momentum_Meet_18_June_2025.json 178 chunks 34.6s
2026-06-03T17:44:22.999Z OK Momentum_Meet_20_August_2025.json 166 chunks 35.9s
2026-06-03T17:44:45.333Z OK Momentum_Meet_20_May_2025.json 141 chunks 22.3s
2026-06-03T17:45:00.923Z OK Momentum_Meet_22_October_2025.json 103 chunks 15.6s
2026-06-03T17:45:29.720Z OK Momentum_Meet_23_July_2025.json 218 chunks 28.8s
2026-06-03T17:45:45.513Z OK Momentum_Meet_25_June_2025.json 129 chunks 15.8s
2026-06-03T17:46:05.016Z OK Momentum_Meet_27_August_2025.json 184 chunks 19.5s
2026-06-03T17:46:18.248Z OK Momentum_Meet_28_May_2025.json 125 chunks 13.2s
2026-06-03T17:46:31.409Z OK Momentum_Meet_29_October_2025.json 108 chunks 13.2s
2026-06-03T17:46:56.481Z OK Momentum_Meet_30_July_2025.json 201 chunks 25.1s
2026-06-03T17:47:13.349Z OK Momentum_Meet_3_September_2025.json 153 chunks 16.9s
2026-06-03T17:47:30.131Z OK Momentum_Meet_6_August_2025.json 157 chunks 16.8s
2026-06-03T17:47:50.409Z OK Momentum_Meet_7_May_2025.json 180 chunks 20.3s
2026-06-03T17:48:07.359Z OK Momentum_Meet_8_October_2025.json 150 chunks 16.9s
2026-06-03T17:48:33.943Z OK Momentum_Meet_9_July_2025.json 159 chunks 26.6s
2026-06-03T17:49:03.075Z OK Momentum_Meet_April_22.json 203 chunks 29.1s
2026-06-03T17:49:17.341Z OK Must Do Marketing Webinar(1).json 123 chunks 14.3s
2026-06-03T17:49:42.533Z OK One Page Wealth Plan with Jackson Millan.json 220 chunks 25.2s
2026-06-03T17:50:03.332Z OK Overcoming Communication Challenges and Reconnecting with Your Partner with Megs Dixon.json 174 chunks 20.8s
2026-06-03T17:50:22.858Z OK Overcoming Communication Challenges with Your Partner with Megs Dixon.json 174 chunks 19.5s
2026-06-03T17:50:42.523Z OK Preparing Your Trade Business for Facebook and Success with Amy Wyhoon.json 171 chunks 19.7s
2026-06-03T17:51:03.946Z OK Q&A Expert Session with Nicole Davidson.json 194 chunks 21.4s
2026-06-03T17:51:34.321Z OK Q&A Expert Webinar.json 279 chunks 30.4s
2026-06-03T17:51:58.059Z OK Social Media Scheduling.json 211 chunks 23.7s
2026-06-03T17:52:11.485Z OK Trade-O with Renee Boardman.json 129 chunks 13.4s
2026-06-03T17:52:28.894Z OK Tradiepreneur Financial Dashboard.json 176 chunks 17.4s
2026-06-03T17:53:01.915Z OK Tradiepreneur Review(1).json 162 chunks 33.0s
2026-06-03T17:55:25.019Z OK Turning Your Ideas Into Content with Sam Winch.json 241 chunks 143.1s
2026-06-03T17:55:31.738Z OK Understanding the Five Profit Levers with Tradies In Business.json 20 chunks 6.7s
2026-06-03T17:55:44.077Z OK Write Your Sexy Job Ad (Sexy Ad Builder).json 59 chunks 12.3s
2026-06-03T17:55:55.834Z OK budget_vs_actual_spreadsheet.json 29 chunks 11.8s
2026-06-03T17:56:06.310Z OK hourly_rate_calculator_transcript.json 53 chunks 10.5s
2026-06-03T17:56:48.638Z OK momentum_apr_8.json 248 chunks 42.3s
2026-06-03T17:57:08.105Z OK momentum_jan_21.json 197 chunks 19.5s
2026-06-03T17:57:30.713Z OK momentum_meet.json 209 chunks 22.6s
2026-06-03T17:57:46.099Z OK momentum_meet_1133307969.json 159 chunks 15.4s
2026-06-03T17:58:05.743Z OK momentum_meet_1136289171.json 162 chunks 19.6s
2026-06-03T17:58:34.344Z OK momentum_meet_1143260246.json 264 chunks 28.6s
2026-06-03T17:58:48.593Z OK momentum_meet_feb_25.json 152 chunks 14.2s
2026-06-03T17:59:19.705Z OK momentum_meet_march_11.json 236 chunks 31.1s
2026-06-03T17:59:33.479Z OK momentum_meet_march_4.json 108 chunks 13.8s
2026-06-03T18:00:11.497Z OK momentum_meet_nov_19.json 242 chunks 38.0s
2026-06-03T18:00:15.464Z OK should_you_charge_for_quotes.json 26 chunks 4.0s
2026-06-03T18:00:24.222Z OK transcript_chunks.json 51 chunks 8.7s
